<?xml version="1.0" encoding="UTF-8"?>
<testsuite name="com.mindex.challenge.DataBootstrapTest" tests="1" skipped="0" failures="0" errors="0" timestamp="2024-11-07T00:39:06" hostname="YOURDAD2452" time="0.04">
  <properties/>
  <testcase name="test" classname="com.mindex.challenge.DataBootstrapTest" time="0.04"/>
  <system-out><![CDATA[2024-11-06 19:39:06.833  INFO 17828 --- [    Test worker] .b.t.c.SpringBootTestContextBootstrapper : Neither @ContextConfiguration nor @ContextHierarchy found for test class [com.mindex.challenge.DataBootstrapTest], using SpringBootContextLoader
2024-11-06 19:39:06.835  INFO 17828 --- [    Test worker] o.s.t.c.support.AbstractContextLoader    : Could not detect default resource locations for test class [com.mindex.challenge.DataBootstrapTest]: no resource found for suffixes {-context.xml, Context.groovy}.
2024-11-06 19:39:06.835  INFO 17828 --- [    Test worker] t.c.s.AnnotationConfigContextLoaderUtils : Could not detect default configuration classes for test class [com.mindex.challenge.DataBootstrapTest]: DataBootstrapTest does not declare any static, non-private, non-final, nested classes annotated with @Configuration.
2024-11-06 19:39:06.836  INFO 17828 --- [    Test worker] .b.t.c.SpringBootTestContextBootstrapper : Found @SpringBootConfiguration com.mindex.challenge.ChallengeApplication for test class com.mindex.challenge.DataBootstrapTest
2024-11-06 19:39:06.838  INFO 17828 --- [    Test worker] .b.t.c.SpringBootTestContextBootstrapper : Loaded default TestExecutionListener class names from location [META-INF/spring.factories]: [org.springframework.boot.test.autoconfigure.restdocs.RestDocsTestExecutionListener, org.springframework.boot.test.autoconfigure.web.client.MockRestServiceServerResetTestExecutionListener, org.springframework.boot.test.autoconfigure.web.servlet.MockMvcPrintOnlyOnFailureTestExecutionListener, org.springframework.boot.test.autoconfigure.web.servlet.WebDriverTestExecutionListener, org.springframework.boot.test.mock.mockito.MockitoTestExecutionListener, org.springframework.boot.test.mock.mockito.ResetMocksTestExecutionListener, org.springframework.test.context.web.ServletTestExecutionListener, org.springframework.test.context.support.DirtiesContextBeforeModesTestExecutionListener, org.springframework.test.context.support.DependencyInjectionTestExecutionListener, org.springframework.test.context.support.DirtiesContextTestExecutionListener, org.springframework.test.context.transaction.TransactionalTestExecutionListener, org.springframework.test.context.jdbc.SqlScriptsTestExecutionListener, org.springframework.test.context.event.EventPublishingTestExecutionListener]
2024-11-06 19:39:06.838  INFO 17828 --- [    Test worker] .b.t.c.SpringBootTestContextBootstrapper : Using TestExecutionListeners: [org.springframework.test.context.web.ServletTestExecutionListener@8bebdec, org.springframework.test.context.support.DirtiesContextBeforeModesTestExecutionListener@33496472, org.springframework.boot.test.mock.mockito.MockitoTestExecutionListener@20921736, org.springframework.boot.test.autoconfigure.SpringBootDependencyInjectionTestExecutionListener@655e970a, org.springframework.test.context.support.DirtiesContextTestExecutionListener@18f21790, org.springframework.test.context.transaction.TransactionalTestExecutionListener@60609a08, org.springframework.test.context.jdbc.SqlScriptsTestExecutionListener@507b1a95, org.springframework.test.context.event.EventPublishingTestExecutionListener@410c3157, org.springframework.boot.test.autoconfigure.restdocs.RestDocsTestExecutionListener@494af071, org.springframework.boot.test.autoconfigure.web.client.MockRestServiceServerResetTestExecutionListener@2d9e838a, org.springframework.boot.test.autoconfigure.web.servlet.MockMvcPrintOnlyOnFailureTestExecutionListener@25b98b1e, org.springframework.boot.test.autoconfigure.web.servlet.WebDriverTestExecutionListener@59f8077, org.springframework.boot.test.mock.mockito.ResetMocksTestExecutionListener@1bc821cd]
]]></system-out>
  <system-err><![CDATA[]]></system-err>
</testsuite>
