<?xml version="1.0" encoding="UTF-8"?>
<testsuite name="com.mindex.challenge.service.impl.EmployeeServiceImplTest" tests="6" skipped="0" failures="0" errors="0" timestamp="2024-11-07T00:39:08" hostname="YOURDAD2452" time="0.109">
  <properties/>
  <testcase name="testReportingStructureForPaulMcCartney" classname="com.mindex.challenge.service.impl.EmployeeServiceImplTest" time="0.016"/>
  <testcase name="testReportingStructureForJohnLennon" classname="com.mindex.challenge.service.impl.EmployeeServiceImplTest" time="0.022"/>
  <testcase name="testReportingStructureForGeorgeHarrison" classname="com.mindex.challenge.service.impl.EmployeeServiceImplTest" time="0.009"/>
  <testcase name="testReportingStructureForPeteBest" classname="com.mindex.challenge.service.impl.EmployeeServiceImplTest" time="0.007"/>
  <testcase name="testReportingStructureForRingoStarr" classname="com.mindex.challenge.service.impl.EmployeeServiceImplTest" time="0.012"/>
  <testcase name="testCreateReadUpdate" classname="com.mindex.challenge.service.impl.EmployeeServiceImplTest" time="0.039"/>
  <system-out><![CDATA[2024-11-06 19:39:08.478  INFO 17828 --- [    Test worker] .b.t.c.SpringBootTestContextBootstrapper : Neither @ContextConfiguration nor @ContextHierarchy found for test class [com.mindex.challenge.service.impl.EmployeeServiceImplTest], using SpringBootContextLoader
2024-11-06 19:39:08.479  INFO 17828 --- [    Test worker] o.s.t.c.support.AbstractContextLoader    : Could not detect default resource locations for test class [com.mindex.challenge.service.impl.EmployeeServiceImplTest]: no resource found for suffixes {-context.xml, Context.groovy}.
2024-11-06 19:39:08.479  INFO 17828 --- [    Test worker] t.c.s.AnnotationConfigContextLoaderUtils : Could not detect default configuration classes for test class [com.mindex.challenge.service.impl.EmployeeServiceImplTest]: EmployeeServiceImplTest does not declare any static, non-private, non-final, nested classes annotated with @Configuration.
2024-11-06 19:39:08.481  INFO 17828 --- [    Test worker] .b.t.c.SpringBootTestContextBootstrapper : Found @SpringBootConfiguration com.mindex.challenge.ChallengeApplication for test class com.mindex.challenge.service.impl.EmployeeServiceImplTest
2024-11-06 19:39:08.482  INFO 17828 --- [    Test worker] .b.t.c.SpringBootTestContextBootstrapper : Loaded default TestExecutionListener class names from location [META-INF/spring.factories]: [org.springframework.boot.test.autoconfigure.restdocs.RestDocsTestExecutionListener, org.springframework.boot.test.autoconfigure.web.client.MockRestServiceServerResetTestExecutionListener, org.springframework.boot.test.autoconfigure.web.servlet.MockMvcPrintOnlyOnFailureTestExecutionListener, org.springframework.boot.test.autoconfigure.web.servlet.WebDriverTestExecutionListener, org.springframework.boot.test.mock.mockito.MockitoTestExecutionListener, org.springframework.boot.test.mock.mockito.ResetMocksTestExecutionListener, org.springframework.test.context.web.ServletTestExecutionListener, org.springframework.test.context.support.DirtiesContextBeforeModesTestExecutionListener, org.springframework.test.context.support.DependencyInjectionTestExecutionListener, org.springframework.test.context.support.DirtiesContextTestExecutionListener, org.springframework.test.context.transaction.TransactionalTestExecutionListener, org.springframework.test.context.jdbc.SqlScriptsTestExecutionListener, org.springframework.test.context.event.EventPublishingTestExecutionListener]
2024-11-06 19:39:08.482  INFO 17828 --- [    Test worker] .b.t.c.SpringBootTestContextBootstrapper : Using TestExecutionListeners: [org.springframework.test.context.web.ServletTestExecutionListener@1d97e335, org.springframework.test.context.support.DirtiesContextBeforeModesTestExecutionListener@41a1e646, org.springframework.boot.test.mock.mockito.MockitoTestExecutionListener@11a1d98d, org.springframework.boot.test.autoconfigure.SpringBootDependencyInjectionTestExecutionListener@75784bac, org.springframework.test.context.support.DirtiesContextTestExecutionListener@57d4907d, org.springframework.test.context.transaction.TransactionalTestExecutionListener@1909cf17, org.springframework.test.context.jdbc.SqlScriptsTestExecutionListener@6fb000a, org.springframework.test.context.event.EventPublishingTestExecutionListener@31e90e52, org.springframework.boot.test.autoconfigure.restdocs.RestDocsTestExecutionListener@42cd276a, org.springframework.boot.test.autoconfigure.web.client.MockRestServiceServerResetTestExecutionListener@156b2953, org.springframework.boot.test.autoconfigure.web.servlet.MockMvcPrintOnlyOnFailureTestExecutionListener@4b4e90a4, org.springframework.boot.test.autoconfigure.web.servlet.WebDriverTestExecutionListener@32ac9c01, org.springframework.boot.test.mock.mockito.ResetMocksTestExecutionListener@19711b49]
2024-11-06 19:39:08.486 DEBUG 17828 --- [    Test worker] c.m.c.service.impl.EmployeeServiceImpl   : Creating employee with id [b7839309-3348-463b-a7e3-5de1c168beb3]
2024-11-06 19:39:08.493 DEBUG 17828 --- [o-auto-1-exec-1] c.m.c.controller.EmployeeController      : Getting reporting structure for employee id [b7839309-3348-463b-a7e3-5de1c168beb3]
2024-11-06 19:39:08.493 DEBUG 17828 --- [o-auto-1-exec-1] c.m.c.service.impl.EmployeeServiceImpl   : Creating employee with id [b7839309-3348-463b-a7e3-5de1c168beb3]
2024-11-06 19:39:08.503 DEBUG 17828 --- [    Test worker] c.m.c.service.impl.EmployeeServiceImpl   : Creating employee with id [16a596ae-edd3-4847-99fe-c4518e82c86f]
2024-11-06 19:39:08.506 DEBUG 17828 --- [o-auto-1-exec-2] c.m.c.controller.EmployeeController      : Getting reporting structure for employee id [16a596ae-edd3-4847-99fe-c4518e82c86f]
2024-11-06 19:39:08.506 DEBUG 17828 --- [o-auto-1-exec-2] c.m.c.service.impl.EmployeeServiceImpl   : Creating employee with id [16a596ae-edd3-4847-99fe-c4518e82c86f]
2024-11-06 19:39:08.511 DEBUG 17828 --- [o-auto-1-exec-2] c.m.c.service.impl.EmployeeServiceImpl   : Creating employee with id [b7839309-3348-463b-a7e3-5de1c168beb3]
2024-11-06 19:39:08.514 DEBUG 17828 --- [o-auto-1-exec-2] c.m.c.service.impl.EmployeeServiceImpl   : Creating employee with id [03aa1462-ffa9-4978-901b-7c001562cf6f]
2024-11-06 19:39:08.516 DEBUG 17828 --- [o-auto-1-exec-2] c.m.c.service.impl.EmployeeServiceImpl   : Creating employee with id [62c1084e-6e34-4630-93fd-9153afb65309]
2024-11-06 19:39:08.519 DEBUG 17828 --- [o-auto-1-exec-2] c.m.c.service.impl.EmployeeServiceImpl   : Creating employee with id [c0c2293d-16bd-4603-8e08-638a9d18b22c]
2024-11-06 19:39:08.525 DEBUG 17828 --- [    Test worker] c.m.c.service.impl.EmployeeServiceImpl   : Creating employee with id [c0c2293d-16bd-4603-8e08-638a9d18b22c]
2024-11-06 19:39:08.528 DEBUG 17828 --- [o-auto-1-exec-3] c.m.c.controller.EmployeeController      : Getting reporting structure for employee id [c0c2293d-16bd-4603-8e08-638a9d18b22c]
2024-11-06 19:39:08.528 DEBUG 17828 --- [o-auto-1-exec-3] c.m.c.service.impl.EmployeeServiceImpl   : Creating employee with id [c0c2293d-16bd-4603-8e08-638a9d18b22c]
2024-11-06 19:39:08.536 DEBUG 17828 --- [    Test worker] c.m.c.service.impl.EmployeeServiceImpl   : Creating employee with id [62c1084e-6e34-4630-93fd-9153afb65309]
2024-11-06 19:39:08.538 DEBUG 17828 --- [o-auto-1-exec-4] c.m.c.controller.EmployeeController      : Getting reporting structure for employee id [62c1084e-6e34-4630-93fd-9153afb65309]
2024-11-06 19:39:08.539 DEBUG 17828 --- [o-auto-1-exec-4] c.m.c.service.impl.EmployeeServiceImpl   : Creating employee with id [62c1084e-6e34-4630-93fd-9153afb65309]
2024-11-06 19:39:08.543 DEBUG 17828 --- [    Test worker] c.m.c.service.impl.EmployeeServiceImpl   : Creating employee with id [03aa1462-ffa9-4978-901b-7c001562cf6f]
2024-11-06 19:39:08.546 DEBUG 17828 --- [o-auto-1-exec-5] c.m.c.controller.EmployeeController      : Getting reporting structure for employee id [03aa1462-ffa9-4978-901b-7c001562cf6f]
2024-11-06 19:39:08.547 DEBUG 17828 --- [o-auto-1-exec-5] c.m.c.service.impl.EmployeeServiceImpl   : Creating employee with id [03aa1462-ffa9-4978-901b-7c001562cf6f]
2024-11-06 19:39:08.549 DEBUG 17828 --- [o-auto-1-exec-5] c.m.c.service.impl.EmployeeServiceImpl   : Creating employee with id [62c1084e-6e34-4630-93fd-9153afb65309]
2024-11-06 19:39:08.551 DEBUG 17828 --- [o-auto-1-exec-5] c.m.c.service.impl.EmployeeServiceImpl   : Creating employee with id [c0c2293d-16bd-4603-8e08-638a9d18b22c]
2024-11-06 19:39:08.574 DEBUG 17828 --- [o-auto-1-exec-6] c.m.c.controller.EmployeeController      : Received employee create request for [com.mindex.challenge.data.Employee@426dfcb4]
2024-11-06 19:39:08.574 DEBUG 17828 --- [o-auto-1-exec-6] c.m.c.service.impl.EmployeeServiceImpl   : Creating employee [com.mindex.challenge.data.Employee@426dfcb4]
2024-11-06 19:39:08.583 DEBUG 17828 --- [o-auto-1-exec-7] c.m.c.controller.EmployeeController      : Received employee create request for id [907a2ef7-473d-4a5c-b2b4-9ad7321c06dc]
2024-11-06 19:39:08.584 DEBUG 17828 --- [o-auto-1-exec-7] c.m.c.service.impl.EmployeeServiceImpl   : Creating employee with id [907a2ef7-473d-4a5c-b2b4-9ad7321c06dc]
2024-11-06 19:39:08.590 DEBUG 17828 --- [o-auto-1-exec-8] c.m.c.controller.EmployeeController      : Received employee create request for id [907a2ef7-473d-4a5c-b2b4-9ad7321c06dc] and employee [com.mindex.challenge.data.Employee@5dbf5aba]
2024-11-06 19:39:08.590 DEBUG 17828 --- [o-auto-1-exec-8] c.m.c.service.impl.EmployeeServiceImpl   : Updating employee [com.mindex.challenge.data.Employee@5dbf5aba]
]]></system-out>
  <system-err><![CDATA[]]></system-err>
</testsuite>
